<?xml version="1.0" encoding="UTF-8"?>
<testsuite name="Test different actions on the static table page." tests="2" skipped="0" failures="0" errors="0" timestamp="2021-06-28T14:48:08" hostname="Malus-MacBook-Air.local" time="9.257">
  <properties/>
  <testcase name="As a Test Engineer, I want to retrieve the value of a static table." classname="Test different actions on the static table page." time="7.388"/>
  <testcase name="As a Test Engineer, I want to validate the static table is displayed." classname="Test different actions on the static table page." time="1.869"/>
  <system-out><![CDATA[]]></system-out>
  <system-err><![CDATA[Starting ChromeDriver 90.0.4430.24 (4c6d850f087da467d926e8eddb76550aed655991-refs/branch-heads/4430@{#429}) on port 32763
Only local connections are allowed.
Please see https://chromedriver.chromium.org/security-considerations for suggestions on keeping ChromeDriver safe.
ChromeDriver was started successfully.
[1624891691.928][WARNING]: This version of ChromeDriver has not been tested with Chrome version 91.
Jun 28, 2021 11:48:12 AM org.openqa.selenium.remote.ProtocolHandshake createSession
INFO: Detected dialect: W3C
]]></system-err>
</testsuite>
